#
# There is insufficient memory for the Java Runtime Environment to continue.
# Native memory allocation (mmap) failed to map 42991616 bytes for committing reserved memory.
# Possible reasons:
#   The system is out of physical RAM or swap space
#   In 32 bit mode, the process size limit was hit
# Possible solutions:
#   Reduce memory load on the system
#   Increase physical memory or swap space
#   Check if swap backing store is full
#   Use 64 bit Java on a 64 bit OS
#   Decrease Java heap size (-Xmx/-Xms)
#   Decrease number of Java threads
#   Decrease Java thread stack sizes (-Xss)
#   Set larger code cache with -XX:ReservedCodeCacheSize=
# This output file may be truncated or incomplete.
#
#  Out of Memory Error (os_linux.cpp:2640), pid=2274, tid=0x00007f11219b7700
#
# JRE version: OpenJDK Runtime Environment (8.0_152-b01) (build 1.8.0_152-release-915-b01)
# Java VM: OpenJDK 64-Bit Server VM (25.152-b01 mixed mode linux-amd64 compressed oops)
# Core dump written. Default location: /home/h3x/Documents/Eventer-clone/app/core or core.2274
#

---------------  T H R E A D  ---------------

Current thread (0x00007f1138079000):  VMThread [stack: 0x00007f11218b7000,0x00007f11219b8000] [id=2284]

Stack: [0x00007f11218b7000,0x00007f11219b8000],  sp=0x00007f11219b6470,  free space=1021k
Native frames: (J=compiled Java code, j=interpreted, Vv=VM code, C=native code)
V  [libjvm.so+0x9eb15d]  VMError::report_and_die()+0x15d
V  [libjvm.so+0x4b8eaa]  report_vm_out_of_memory(char const*, int, unsigned long, VMErrorType, char const*)+0x8a
V  [libjvm.so+0x851370]  os::pd_commit_memory(char*, unsigned long, unsigned long, bool)+0xf0
V  [libjvm.so+0x84be8f]  os::commit_memory(char*, unsigned long, unsigned long, bool)+0x1f
V  [libjvm.so+0x8c261b]  PSVirtualSpace::expand_by(unsigned long)+0x5b
V  [libjvm.so+0x8c3290]  PSYoungGen::resize_generation(unsigned long, unsigned long)+0xb0
V  [libjvm.so+0x8c35ab]  PSYoungGen::resize(unsigned long, unsigned long)+0x1b
V  [libjvm.so+0x8bfc9c]  PSScavenge::invoke_no_policy()+0xdac
V  [libjvm.so+0x8c0478]  PSScavenge::invoke()+0x38
V  [libjvm.so+0x8748f3]  ParallelScavengeHeap::failed_mem_allocate(unsigned long)+0x63
V  [libjvm.so+0x9ecc84]  VM_ParallelGCFailedAllocation::doit()+0x84
V  [libjvm.so+0x9f1197]  VM_Operation::evaluate()+0x47
V  [libjvm.so+0x9efb78]  VMThread::evaluate_operation(VM_Operation*)+0x2c8
V  [libjvm.so+0x9efff9]  VMThread::loop()+0x219
V  [libjvm.so+0x9f0442]  VMThread::run()+0x72
V  [libjvm.so+0x84e792]  java_start(Thread*)+0xf2

VM_Operation (0x00007f113ff10040): ParallelGCFailedAllocation, mode: safepoint, requested by thread 0x00007f113800b800


---------------  P R O C E S S  ---------------

Java Threads: ( => current thread )
  0x00007f11380c1000 JavaThread "Service Thread" daemon [_thread_blocked, id=2291, stack(0x00007f1120ee4000,0x00007f1120fe5000)]
  0x00007f11380be000 JavaThread "C1 CompilerThread2" daemon [_thread_blocked, id=2290, stack(0x00007f1120fe5000,0x00007f11210e6000)]
  0x00007f11380bc000 JavaThread "C2 CompilerThread1" daemon [_thread_blocked, id=2289, stack(0x00007f11210e6000,0x00007f11211e7000)]
  0x00007f11380b9800 JavaThread "C2 CompilerThread0" daemon [_thread_blocked, id=2288, stack(0x00007f11211e7000,0x00007f11212e8000)]
  0x00007f11380b5000 JavaThread "Signal Dispatcher" daemon [_thread_blocked, id=2287, stack(0x00007f11212e8000,0x00007f11213e9000)]
  0x00007f1138085000 JavaThread "Finalizer" daemon [_thread_blocked, id=2286, stack(0x00007f11216b5000,0x00007f11217b6000)]
  0x00007f1138080800 JavaThread "Reference Handler" daemon [_thread_blocked, id=2285, stack(0x00007f11217b6000,0x00007f11218b7000)]
  0x00007f113800b800 JavaThread "main" [_thread_blocked, id=2279, stack(0x00007f113fe11000,0x00007f113ff12000)]

Other Threads:
=>0x00007f1138079000 VMThread [stack: 0x00007f11218b7000,0x00007f11219b8000] [id=2284]
  0x00007f11380c3800 WatcherThread [stack: 0x00007f1120de3000,0x00007f1120ee4000] [id=2292]

VM state:at safepoint (normal execution)

VM Mutex/Monitor currently owned by a thread:  ([mutex/lock_event])
[0x00007f1138007d30] Threads_lock - owner thread: 0x00007f1138079000
[0x00007f1138008230] Heap_lock - owner thread: 0x00007f113800b800

Heap:
 PSYoungGen      total 34304K, used 2528K [0x00000000ebd80000, 0x00000000ee180000, 0x0000000100000000)
  eden space 31744K, 0% used [0x00000000ebd80000,0x00000000ebd80000,0x00000000edc80000)
  from space 2560K, 98% used [0x00000000edc80000,0x00000000edef8010,0x00000000edf00000)
  to   space 2560K, 0% used [0x00000000edf00000,0x00000000edf00000,0x00000000ee180000)
 ParOldGen       total 42496K, used 9185K [0x00000000c3800000, 0x00000000c6180000, 0x00000000ebd80000)
  object space 42496K, 21% used [0x00000000c3800000,0x00000000c40f86b0,0x00000000c6180000)
 Metaspace       used 3782K, capacity 5144K, committed 5376K, reserved 1056768K
  class space    used 390K, capacity 456K, committed 512K, reserved 1048576K

Card table byte_map: [0x00007f113ca95000,0x00007f113cc7a000] byte_map_base: 0x00007f113c479000

Marking Bits: (ParMarkBitMap*) 0x00007f113f2fe3e0
 Begin Bits: [0x00007f11221c0000, 0x00007f11230e0000)
 End Bits:   [0x00007f11230e0000, 0x00007f1124000000)

Polling page: 0x00007f113ff3f000

CodeCache: size=245760Kb used=3547Kb max_used=3547Kb free=242212Kb
 bounds [0x00007f1129000000, 0x00007f1129380000, 0x00007f1138000000]
 total_blobs=811 nmethods=563 adapters=163
 compilation: enabled

Compilation events (10 events):
Event: 10,096 Thread 0x00007f11380be000  563       3       com.android.dx.cf.direct.StdAttributeFactory::exceptions (105 bytes)
Event: 10,165 Thread 0x00007f11380be000 nmethod 563 0x00007f1129375e90 code [0x00007f11293761a0, 0x00007f11293776b8]
Event: 10,165 Thread 0x00007f11380be000  569       1       com.android.dx.util.ByteArray::getByte0 (12 bytes)
Event: 10,166 Thread 0x00007f11380be000 nmethod 569 0x00007f1129352850 code [0x00007f11293529a0, 0x00007f1129352ad0]
Event: 10,166 Thread 0x00007f11380be000  568       3       com.android.dx.cf.direct.DirectClassFile::getAttributes (9 bytes)
Event: 10,166 Thread 0x00007f11380be000 nmethod 568 0x00007f11293523d0 code [0x00007f1129352540, 0x00007f1129352788]
Event: 10,166 Thread 0x00007f11380be000  564   !   3       com.android.dx.cf.attrib.AttExceptions::<init> (45 bytes)
Event: 10,196 Thread 0x00007f11380be000 nmethod 564 0x00007f1129378550 code [0x00007f1129378700, 0x00007f1129378c28]
Event: 10,196 Thread 0x00007f11380be000  565       3       com.android.dx.cf.attrib.AttExceptions::byteLength (15 bytes)
Event: 10,196 Thread 0x00007f11380be000 nmethod 565 0x00007f1129378ed0 code [0x00007f1129379040, 0x00007f1129379268]

GC Heap History (9 events):
Event: 5,209 GC heap before
{Heap before GC invocations=1 (full 0):
 PSYoungGen      total 18432K, used 15872K [0x00000000ebd80000, 0x00000000ed200000, 0x0000000100000000)
  eden space 15872K, 100% used [0x00000000ebd80000,0x00000000ecd00000,0x00000000ecd00000)
  from space 2560K, 0% used [0x00000000ecf80000,0x00000000ecf80000,0x00000000ed200000)
  to   space 2560K, 0% used [0x00000000ecd00000,0x00000000ecd00000,0x00000000ecf80000)
 ParOldGen       total 42496K, used 0K [0x00000000c3800000, 0x00000000c6180000, 0x00000000ebd80000)
  object space 42496K, 0% used [0x00000000c3800000,0x00000000c3800000,0x00000000c6180000)
 Metaspace       used 3686K, capacity 5080K, committed 5376K, reserved 1056768K
  class space    used 386K, capacity 456K, committed 512K, reserved 1048576K
Event: 5,270 GC heap after
Heap after GC invocations=1 (full 0):
 PSYoungGen      total 18432K, used 2547K [0x00000000ebd80000, 0x00000000ed200000, 0x0000000100000000)
  eden space 15872K, 0% used [0x00000000ebd80000,0x00000000ebd80000,0x00000000ecd00000)
  from space 2560K, 99% used [0x00000000ecd00000,0x00000000ecf7cee0,0x00000000ecf80000)
  to   space 2560K, 0% used [0x00000000ecf80000,0x00000000ecf80000,0x00000000ed200000)
 ParOldGen       total 42496K, used 208K [0x00000000c3800000, 0x00000000c6180000, 0x00000000ebd80000)
  object space 42496K, 0% used [0x00000000c3800000,0x00000000c38340c8,0x00000000c6180000)
 Metaspace       used 3686K, capacity 5080K, committed 5376K, reserved 1056768K
  class space    used 386K, capacity 456K, committed 512K, reserved 1048576K
}
Event: 5,581 GC heap before
{Heap before GC invocations=2 (full 0):
 PSYoungGen      total 18432K, used 18419K [0x00000000ebd80000, 0x00000000ed200000, 0x0000000100000000)
  eden space 15872K, 100% used [0x00000000ebd80000,0x00000000ecd00000,0x00000000ecd00000)
  from space 2560K, 99% used [0x00000000ecd00000,0x00000000ecf7cee0,0x00000000ecf80000)
  to   space 2560K, 0% used [0x00000000ecf80000,0x00000000ecf80000,0x00000000ed200000)
 ParOldGen       total 42496K, used 208K [0x00000000c3800000, 0x00000000c6180000, 0x00000000ebd80000)
  object space 42496K, 0% used [0x00000000c3800000,0x00000000c38340c8,0x00000000c6180000)
 Metaspace       used 3727K, capacity 5144K, committed 5376K, reserved 1056768K
  class space    used 386K, capacity 456K, committed 512K, reserved 1048576K
Event: 6,388 GC heap after
Heap after GC invocations=2 (full 0):
 PSYoungGen      total 18432K, used 2537K [0x00000000ebd80000, 0x00000000ee180000, 0x0000000100000000)
  eden space 15872K, 0% used [0x00000000ebd80000,0x00000000ebd80000,0x00000000ecd00000)
  from space 2560K, 99% used [0x00000000ecf80000,0x00000000ed1fa6a8,0x00000000ed200000)
  to   space 2560K, 0% used [0x00000000ecd00000,0x00000000ecd00000,0x00000000ecf80000)
 ParOldGen       total 42496K, used 1190K [0x00000000c3800000, 0x00000000c6180000, 0x00000000ebd80000)
  object space 42496K, 2% used [0x00000000c3800000,0x00000000c3929b80,0x00000000c6180000)
 Metaspace       used 3727K, capacity 5144K, committed 5376K, reserved 1056768K
  class space    used 386K, capacity 456K, committed 512K, reserved 1048576K
}
Event: 6,716 GC heap before
{Heap before GC invocations=3 (full 0):
 PSYoungGen      total 18432K, used 18409K [0x00000000ebd80000, 0x00000000ee180000, 0x0000000100000000)
  eden space 15872K, 100% used [0x00000000ebd80000,0x00000000ecd00000,0x00000000ecd00000)
  from space 2560K, 99% used [0x00000000ecf80000,0x00000000ed1fa6a8,0x00000000ed200000)
  to   space 2560K, 0% used [0x00000000ecd00000,0x00000000ecd00000,0x00000000ecf80000)
 ParOldGen       total 42496K, used 1190K [0x00000000c3800000, 0x00000000c6180000, 0x00000000ebd80000)
  object space 42496K, 2% used [0x00000000c3800000,0x00000000c3929b80,0x00000000c6180000)
 Metaspace       used 3759K, capacity 5144K, committed 5376K, reserved 1056768K
  class space    used 386K, capacity 456K, committed 512K, reserved 1048576K
Event: 6,727 GC heap after
Heap after GC invocations=3 (full 0):
 PSYoungGen      total 18432K, used 2548K [0x00000000ebd80000, 0x00000000ee180000, 0x0000000100000000)
  eden space 15872K, 0% used [0x00000000ebd80000,0x00000000ebd80000,0x00000000ecd00000)
  from space 2560K, 99% used [0x00000000ecd00000,0x00000000ecf7d060,0x00000000ecf80000)
  to   space 2560K, 0% used [0x00000000edf00000,0x00000000edf00000,0x00000000ee180000)
 ParOldGen       total 42496K, used 2274K [0x00000000c3800000, 0x00000000c6180000, 0x00000000ebd80000)
  object space 42496K, 5% used [0x00000000c3800000,0x00000000c3a38970,0x00000000c6180000)
 Metaspace       used 3759K, capacity 5144K, committed 5376K, reserved 1056768K
  class space    used 386K, capacity 456K, committed 512K, reserved 1048576K
}
Event: 9,523 GC heap before
{Heap before GC invocations=4 (full 0):
 PSYoungGen      total 18432K, used 18420K [0x00000000ebd80000, 0x00000000ee180000, 0x0000000100000000)
  eden space 15872K, 100% used [0x00000000ebd80000,0x00000000ecd00000,0x00000000ecd00000)
  from space 2560K, 99% used [0x00000000ecd00000,0x00000000ecf7d060,0x00000000ecf80000)
  to   space 2560K, 0% used [0x00000000edf00000,0x00000000edf00000,0x00000000ee180000)
 ParOldGen       total 42496K, used 2274K [0x00000000c3800000, 0x00000000c6180000, 0x00000000ebd80000)
  object space 42496K, 5% used [0x00000000c3800000,0x00000000c3a38970,0x00000000c6180000)
 Metaspace       used 3780K, capacity 5144K, committed 5376K, reserved 1056768K
  class space    used 390K, capacity 456K, committed 512K, reserved 1048576K
Event: 10,014 GC heap after
Heap after GC invocations=4 (full 0):
 PSYoungGen      total 34304K, used 2528K [0x00000000ebd80000, 0x00000000ee180000, 0x0000000100000000)
  eden space 31744K, 0% used [0x00000000ebd80000,0x00000000ebd80000,0x00000000edc80000)
  from space 2560K, 98% used [0x00000000edf00000,0x00000000ee178010,0x00000000ee180000)
  to   space 2560K, 0% used [0x00000000edc80000,0x00000000edc80000,0x00000000edf00000)
 ParOldGen       total 42496K, used 4124K [0x00000000c3800000, 0x00000000c6180000, 0x00000000ebd80000)
  object space 42496K, 9% used [0x00000000c3800000,0x00000000c3c070f8,0x00000000c6180000)
 Metaspace       used 3780K, capacity 5144K, committed 5376K, reserved 1056768K
  class space    used 390K, capacity 456K, committed 512K, reserved 1048576K
}
Event: 50,824 GC heap before
{Heap before GC invocations=5 (full 0):
 PSYoungGen      total 34304K, used 34272K [0x00000000ebd80000, 0x00000000ee180000, 0x0000000100000000)
  eden space 31744K, 100% used [0x00000000ebd80000,0x00000000edc80000,0x00000000edc80000)
  from space 2560K, 98% used [0x00000000edf00000,0x00000000ee178010,0x00000000ee180000)
  to   space 2560K, 0% used [0x00000000edc80000,0x00000000edc80000,0x00000000edf00000)
 ParOldGen       total 42496K, used 4124K [0x00000000c3800000, 0x00000000c6180000, 0x00000000ebd80000)
  object space 42496K, 9% used [0x00000000c3800000,0x00000000c3c070f8,0x00000000c6180000)
 Metaspace       used 3782K, capacity 5144K, committed 5376K, reserved 1056768K
  class space    used 390K, capacity 456K, committed 512K, reserved 1048576K

Deoptimization events (6 events):
Event: 4,074 Thread 0x00007f113800b800 Uncommon trap: reason=unloaded action=reinterpret pc=0x00007f11291c7554 method=com.android.dx.cf.cst.ConstantPoolParser.parse0(ILjava/util/BitSet;)Lcom/android/dx/rop/cst/Constant; @ 198
Event: 4,844 Thread 0x00007f113800b800 Uncommon trap: reason=unstable_if action=reinterpret pc=0x00007f11291a3ea8 method=java.lang.String.<init>([CII)V @ 18
Event: 5,324 Thread 0x00007f113800b800 Uncommon trap: reason=unstable_if action=reinterpret pc=0x00007f112923acec method=java.util.concurrent.ConcurrentHashMap.get(Ljava/lang/Object;)Ljava/lang/Object; @ 127
Event: 5,491 Thread 0x00007f113800b800 Uncommon trap: reason=unstable_if action=reinterpret pc=0x00007f112926cce8 method=com.android.dx.cf.direct.StdAttributeFactory.parse0(Lcom/android/dx/cf/direct/DirectClassFile;ILjava/lang/String;IILcom/android/dx/cf/iface/ParseObserver;)Lcom/android/dx/cf
Event: 5,525 Thread 0x00007f113800b800 Uncommon trap: reason=unstable_if action=reinterpret pc=0x00007f1129244824 method=java.util.concurrent.ConcurrentHashMap.get(Ljava/lang/Object;)Ljava/lang/Object; @ 127
Event: 10,128 Thread 0x00007f113800b800 Uncommon trap: reason=class_check action=maybe_recompile pc=0x00007f112933c9fc method=com.android.dx.cf.attrib.AttConstantValue.<init>(Lcom/android/dx/rop/cst/TypedConstant;)V @ 28

Classes redefined (0 events):
No events

Internal exceptions (2 events):
Event: 1,198 Thread 0x00007f113800b800 Exception <a 'java/lang/NoSuchMethodError': Method sun.misc.Unsafe.defineClass(Ljava/lang/String;[BII)Ljava/lang/Class; name or signature does not match> (0x00000000ebd87ca8) thrown at [/ssd/Android/AOSP-openjdk-git/jdk8u/hotspot/src/share/vm/prims/jni.cp
Event: 1,198 Thread 0x00007f113800b800 Exception <a 'java/lang/NoSuchMethodError': Method sun.misc.Unsafe.prefetchRead(Ljava/lang/Object;J)V name or signature does not match> (0x00000000ebd87f90) thrown at [/ssd/Android/AOSP-openjdk-git/jdk8u/hotspot/src/share/vm/prims/jni.cpp, line 4011]

Events (10 events):
Event: 8,915 loading class com/android/multidex/ArchivePathElement$1$1
Event: 8,915 loading class com/android/multidex/ArchivePathElement$1$1 done
Event: 8,916 loading class java/util/NoSuchElementException
Event: 9,143 loading class java/util/NoSuchElementException done
Event: 9,523 Executing VM operation: ParallelGCFailedAllocation
Event: 10,027 Executing VM operation: ParallelGCFailedAllocation done
Event: 10,128 Thread 0x00007f113800b800 Uncommon trap: trap_request=0xffffffde fr.pc=0x00007f112933c9fc
Event: 10,128 Thread 0x00007f113800b800 DEOPT PACKING pc=0x00007f112933c9fc sp=0x00007f113ff0fe60
Event: 10,128 Thread 0x00007f113800b800 DEOPT UNPACKING pc=0x00007f1129004f69 sp=0x00007f113ff0fd78 mode 2
Event: 45,460 Executing VM operation: ParallelGCFailedAllocation


Dynamic libraries:
00400000-00401000 r-xp 00000000 08:04 4738171                            /usr/src/android-studio/jre/bin/java
00600000-00601000 r--p 00000000 08:04 4738171                            /usr/src/android-studio/jre/bin/java
00601000-00602000 rw-p 00001000 08:04 4738171                            /usr/src/android-studio/jre/bin/java
017fb000-0181c000 rw-p 00000000 00:00 0                                  [heap]
c3800000-c6180000 rw-p 00000000 00:00 0 
c6180000-ebd80000 ---p 00000000 00:00 0 
ebd80000-ee180000 rw-p 00000000 00:00 0 
f0a80000-100000000 ---p 00000000 00:00 0 
100000000-100080000 rw-p 00000000 00:00 0 
100080000-140000000 ---p 00000000 00:00 0 
7f10ec000000-7f10ec021000 rw-p 00000000 00:00 0 
7f10ec021000-7f10f0000000 ---p 00000000 00:00 0 
7f10f0000000-7f10f0021000 rw-p 00000000 00:00 0 
7f10f0021000-7f10f4000000 ---p 00000000 00:00 0 
7f10f4000000-7f10f4f53000 rw-p 00000000 00:00 0 
7f10f4f53000-7f10f8000000 ---p 00000000 00:00 0 
7f10f8000000-7f10f8b13000 rw-p 00000000 00:00 0 
7f10f8b13000-7f10fc000000 ---p 00000000 00:00 0 
7f10fc000000-7f10fc021000 rw-p 00000000 00:00 0 
7f10fc021000-7f1100000000 ---p 00000000 00:00 0 
7f1100000000-7f1100e70000 rw-p 00000000 00:00 0 
7f1100e70000-7f1104000000 ---p 00000000 00:00 0 
7f1104000000-7f1104021000 rw-p 00000000 00:00 0 
7f1104021000-7f1108000000 ---p 00000000 00:00 0 
7f1108000000-7f1108021000 rw-p 00000000 00:00 0 
7f1108021000-7f110c000000 ---p 00000000 00:00 0 
7f110c000000-7f110c021000 rw-p 00000000 00:00 0 
7f110c021000-7f1110000000 ---p 00000000 00:00 0 
7f1110000000-7f11102a4000 rw-p 00000000 00:00 0 
7f11102a4000-7f1114000000 ---p 00000000 00:00 0 
7f1114000000-7f1114021000 rw-p 00000000 00:00 0 
7f1114021000-7f1118000000 ---p 00000000 00:00 0 
7f111c000000-7f111c021000 rw-p 00000000 00:00 0 
7f111c021000-7f1120000000 ---p 00000000 00:00 0 
7f1120c9c000-7f1120de3000 r--s 00ce6000 08:04 9836722                    /home/h3x/Documents/Eventer-clone/app/build/intermediates/transforms/jarMerging/release/0.jar
7f1120de3000-7f1120de4000 ---p 00000000 00:00 0 
7f1120de4000-7f1120ee4000 rw-p 00000000 00:00 0 
7f1120ee4000-7f1120ee7000 ---p 00000000 00:00 0 
7f1120ee7000-7f1120fe5000 rw-p 00000000 00:00 0 
7f1120fe5000-7f1120fe8000 ---p 00000000 00:00 0 
7f1120fe8000-7f11210e6000 rw-p 00000000 00:00 0 
7f11210e6000-7f11210e9000 ---p 00000000 00:00 0 
7f11210e9000-7f11211e7000 rw-p 00000000 00:00 0 
7f11211e7000-7f11211ea000 ---p 00000000 00:00 0 
7f11211ea000-7f11212e8000 rw-p 00000000 00:00 0 
7f11212e8000-7f11212eb000 ---p 00000000 00:00 0 
7f11212eb000-7f11213e9000 rw-p 00000000 00:00 0 
7f11213e9000-7f11216b5000 r--p 00000000 08:04 3548134                    /usr/lib/locale/locale-archive
7f11216b5000-7f11216b8000 ---p 00000000 00:00 0 
7f11216b8000-7f11217b6000 rw-p 00000000 00:00 0 
7f11217b6000-7f11217b9000 ---p 00000000 00:00 0 
7f11217b9000-7f11218b7000 rw-p 00000000 00:00 0 
7f11218b7000-7f11218b8000 ---p 00000000 00:00 0 
7f11218b8000-7f1124000000 rw-p 00000000 00:00 0 
7f1124000000-7f1124021000 rw-p 00000000 00:00 0 
7f1124021000-7f1128000000 ---p 00000000 00:00 0 
7f11280f9000-7f1128cc0000 rw-p 00000000 00:00 0 
7f1128cc0000-7f1129000000 ---p 00000000 00:00 0 
7f1129000000-7f1129380000 rwxp 00000000 00:00 0 
7f1129380000-7f1138000000 ---p 00000000 00:00 0 
7f1138000000-7f1138394000 rw-p 00000000 00:00 0 
7f1138394000-7f113c000000 ---p 00000000 00:00 0 
7f113c012000-7f113c042000 r--p 00000000 08:04 4065095                    /usr/share/locale/ru/LC_MESSAGES/libc.mo
7f113c042000-7f113c124000 rw-p 00000000 00:00 0 
7f113c124000-7f113c2f4000 r--s 03c46000 08:04 4738250                    /usr/src/android-studio/jre/jre/lib/rt.jar
7f113c2f4000-7f113c54e000 rw-p 00000000 00:00 0 
7f113c54e000-7f113c54f000 ---p 00000000 00:00 0 
7f113c54f000-7f113c64f000 rw-p 00000000 00:00 0 
7f113c64f000-7f113c650000 ---p 00000000 00:00 0 
7f113c650000-7f113c750000 rw-p 00000000 00:00 0 
7f113c750000-7f113c751000 ---p 00000000 00:00 0 
7f113c751000-7f113c851000 rw-p 00000000 00:00 0 
7f113c851000-7f113c852000 ---p 00000000 00:00 0 
7f113c852000-7f113c967000 rw-p 00000000 00:00 0 
7f113c967000-7f113ca95000 ---p 00000000 00:00 0 
7f113ca95000-7f113caaa000 rw-p 00000000 00:00 0 
7f113caaa000-7f113cbd7000 ---p 00000000 00:00 0 
7f113cbd7000-7f113cbea000 rw-p 00000000 00:00 0 
7f113cbea000-7f113cc79000 ---p 00000000 00:00 0 
7f113cc79000-7f113cc88000 rw-p 00000000 00:00 0 
7f113cc88000-7f113d03a000 ---p 00000000 00:00 0 
7f113d03a000-7f113d054000 r-xp 00000000 08:04 4738271                    /usr/src/android-studio/jre/jre/lib/amd64/libzip.so
7f113d054000-7f113d254000 ---p 0001a000 08:04 4738271                    /usr/src/android-studio/jre/jre/lib/amd64/libzip.so
7f113d254000-7f113d255000 r--p 0001a000 08:04 4738271                    /usr/src/android-studio/jre/jre/lib/amd64/libzip.so
7f113d255000-7f113d256000 rw-p 0001b000 08:04 4738271                    /usr/src/android-studio/jre/jre/lib/amd64/libzip.so
7f113d256000-7f113d261000 r-xp 00000000 08:04 3544847                    /usr/lib/libnss_files-2.26.so
7f113d261000-7f113d460000 ---p 0000b000 08:04 3544847                    /usr/lib/libnss_files-2.26.so
7f113d460000-7f113d461000 r--p 0000a000 08:04 3544847                    /usr/lib/libnss_files-2.26.so
7f113d461000-7f113d462000 rw-p 0000b000 08:04 3544847                    /usr/lib/libnss_files-2.26.so
7f113d462000-7f113d468000 rw-p 00000000 00:00 0 
7f113d468000-7f113d473000 r-xp 00000000 08:04 3544851                    /usr/lib/libnss_nis-2.26.so
7f113d473000-7f113d672000 ---p 0000b000 08:04 3544851                    /usr/lib/libnss_nis-2.26.so
7f113d672000-7f113d673000 r--p 0000a000 08:04 3544851                    /usr/lib/libnss_nis-2.26.so
7f113d673000-7f113d674000 rw-p 0000b000 08:04 3544851                    /usr/lib/libnss_nis-2.26.so
7f113d674000-7f113d688000 r-xp 00000000 08:04 3544840                    /usr/lib/libnsl-2.26.so
7f113d688000-7f113d888000 ---p 00014000 08:04 3544840                    /usr/lib/libnsl-2.26.so
7f113d888000-7f113d889000 r--p 00014000 08:04 3544840                    /usr/lib/libnsl-2.26.so
7f113d889000-7f113d88a000 rw-p 00015000 08:04 3544840                    /usr/lib/libnsl-2.26.so
7f113d88a000-7f113d88c000 rw-p 00000000 00:00 0 
7f113d88c000-7f113d893000 r-xp 00000000 08:04 3544844                    /usr/lib/libnss_compat-2.26.so
7f113d893000-7f113da92000 ---p 00007000 08:04 3544844                    /usr/lib/libnss_compat-2.26.so
7f113da92000-7f113da93000 r--p 00006000 08:04 3544844                    /usr/lib/libnss_compat-2.26.so
7f113da93000-7f113da94000 rw-p 00007000 08:04 3544844                    /usr/lib/libnss_compat-2.26.so
7f113da94000-7f113dac1000 r-xp 00000000 08:04 4738270                    /usr/src/android-studio/jre/jre/lib/amd64/libjava.so
7f113dac1000-7f113dcc0000 ---p 0002d000 08:04 4738270                    /usr/src/android-studio/jre/jre/lib/amd64/libjava.so
7f113dcc0000-7f113dcc1000 r--p 0002c000 08:04 4738270                    /usr/src/android-studio/jre/jre/lib/amd64/libjava.so
7f113dcc1000-7f113dcc3000 rw-p 0002d000 08:04 4738270                    /usr/src/android-studio/jre/jre/lib/amd64/libjava.so
7f113dcc3000-7f113dcd3000 r-xp 00000000 08:04 4738276                    /usr/src/android-studio/jre/jre/lib/amd64/libverify.so
7f113dcd3000-7f113ded2000 ---p 00010000 08:04 4738276                    /usr/src/android-studio/jre/jre/lib/amd64/libverify.so
7f113ded2000-7f113ded4000 r--p 0000f000 08:04 4738276                    /usr/src/android-studio/jre/jre/lib/amd64/libverify.so
7f113ded4000-7f113ded5000 rw-p 00011000 08:04 4738276                    /usr/src/android-studio/jre/jre/lib/amd64/libverify.so
7f113ded5000-7f113dedc000 r-xp 00000000 08:04 3544900                    /usr/lib/librt-2.26.so
7f113dedc000-7f113e0db000 ---p 00007000 08:04 3544900                    /usr/lib/librt-2.26.so
7f113e0db000-7f113e0dc000 r--p 00006000 08:04 3544900                    /usr/lib/librt-2.26.so
7f113e0dc000-7f113e0dd000 rw-p 00007000 08:04 3544900                    /usr/lib/librt-2.26.so
7f113e0dd000-7f113e228000 r-xp 00000000 08:04 3544802                    /usr/lib/libm-2.26.so
7f113e228000-7f113e427000 ---p 0014b000 08:04 3544802                    /usr/lib/libm-2.26.so
7f113e427000-7f113e428000 r--p 0014a000 08:04 3544802                    /usr/lib/libm-2.26.so
7f113e428000-7f113e429000 rw-p 0014b000 08:04 3544802                    /usr/lib/libm-2.26.so
7f113e429000-7f113f021000 r-xp 00000000 08:04 4738280                    /usr/src/android-studio/jre/jre/lib/amd64/server/libjvm.so
7f113f021000-7f113f221000 ---p 00bf8000 08:04 4738280                    /usr/src/android-studio/jre/jre/lib/amd64/server/libjvm.so
7f113f221000-7f113f2c0000 r--p 00bf8000 08:04 4738280                    /usr/src/android-studio/jre/jre/lib/amd64/server/libjvm.so
7f113f2c0000-7f113f2e9000 rw-p 00c97000 08:04 4738280                    /usr/src/android-studio/jre/jre/lib/amd64/server/libjvm.so
7f113f2e9000-7f113f32d000 rw-p 00000000 00:00 0 
7f113f32d000-7f113f346000 r-xp 00000000 08:04 3544886                    /usr/lib/libpthread-2.26.so
7f113f346000-7f113f545000 ---p 00019000 08:04 3544886                    /usr/lib/libpthread-2.26.so
7f113f545000-7f113f546000 r--p 00018000 08:04 3544886                    /usr/lib/libpthread-2.26.so
7f113f546000-7f113f547000 rw-p 00019000 08:04 3544886                    /usr/lib/libpthread-2.26.so
7f113f547000-7f113f54b000 rw-p 00000000 00:00 0 
7f113f54b000-7f113f54e000 r-xp 00000000 08:04 3544696                    /usr/lib/libdl-2.26.so
7f113f54e000-7f113f74d000 ---p 00003000 08:04 3544696                    /usr/lib/libdl-2.26.so
7f113f74d000-7f113f74e000 r--p 00002000 08:04 3544696                    /usr/lib/libdl-2.26.so
7f113f74e000-7f113f74f000 rw-p 00003000 08:04 3544696                    /usr/lib/libdl-2.26.so
7f113f74f000-7f113f8fd000 r-xp 00000000 08:04 3544669                    /usr/lib/libc-2.26.so
7f113f8fd000-7f113fafd000 ---p 001ae000 08:04 3544669                    /usr/lib/libc-2.26.so
7f113fafd000-7f113fb01000 r--p 001ae000 08:04 3544669                    /usr/lib/libc-2.26.so
7f113fb01000-7f113fb03000 rw-p 001b2000 08:04 3544669                    /usr/lib/libc-2.26.so
7f113fb03000-7f113fb07000 rw-p 00000000 00:00 0 
7f113fb07000-7f113fb1d000 r-xp 00000000 08:04 4738219                    /usr/src/android-studio/jre/lib/amd64/jli/libjli.so
7f113fb1d000-7f113fd1c000 ---p 00016000 08:04 4738219                    /usr/src/android-studio/jre/lib/amd64/jli/libjli.so
7f113fd1c000-7f113fd1d000 r--p 00015000 08:04 4738219                    /usr/src/android-studio/jre/lib/amd64/jli/libjli.so
7f113fd1d000-7f113fd1e000 rw-p 00016000 08:04 4738219                    /usr/src/android-studio/jre/lib/amd64/jli/libjli.so
7f113fd1e000-7f113fd43000 r-xp 00000000 08:04 3544628                    /usr/lib/ld-2.26.so
7f113fd44000-7f113fd4c000 r--s 00029000 08:04 9836725                    /home/h3x/Documents/Eventer-clone/app/build/intermediates/multi-dex/release/componentClasses.jar
7f113fd4c000-7f113fe11000 rw-p 00000000 00:00 0 
7f113fe11000-7f113fe14000 ---p 00000000 00:00 0 
7f113fe14000-7f113ff14000 rw-p 00000000 00:00 0 
7f113ff14000-7f113ff23000 r--s 000ed000 08:04 7085134                    /home/h3x/Android/Sdk/build-tools/26.0.2/lib/dx.jar
7f113ff23000-7f113ff36000 rw-p 00000000 00:00 0 
7f113ff36000-7f113ff3e000 rw-s 00000000 00:26 165803                     /tmp/hsperfdata_h3x/2274
7f113ff3e000-7f113ff3f000 rw-p 00000000 00:00 0 
7f113ff3f000-7f113ff40000 ---p 00000000 00:00 0 
7f113ff40000-7f113ff42000 rw-p 00000000 00:00 0 
7f113ff42000-7f113ff43000 r--p 00024000 08:04 3544628                    /usr/lib/ld-2.26.so
7f113ff43000-7f113ff44000 rw-p 00025000 08:04 3544628                    /usr/lib/ld-2.26.so
7f113ff44000-7f113ff45000 rw-p 00000000 00:00 0 
7ffe405e4000-7ffe40605000 rw-p 00000000 00:00 0                          [stack]
7ffe40690000-7ffe40693000 r--p 00000000 00:00 0                          [vvar]
7ffe40693000-7ffe40695000 r-xp 00000000 00:00 0                          [vdso]
ffffffffff600000-ffffffffff601000 r-xp 00000000 00:00 0                  [vsyscall]

VM Arguments:
jvm_args: -Djava.awt.headless=true -Dfile.encoding=UTF-8 -Duser.country=UA -Duser.language=ru -Duser.variant 
java_command: com.android.multidex.ClassReferenceListBuilder /home/h3x/Documents/Eventer-clone/app/build/intermediates/multi-dex/release/componentClasses.jar /home/h3x/Documents/Eventer-clone/app/build/intermediates/transforms/jarMerging/release/0.jar
java_class_path (initial): /home/h3x/Android/Sdk/build-tools/26.0.2/lib/dx.jar
Launcher Type: SUN_STANDARD

Environment Variables:
PATH=/usr/local/sbin:/usr/local/bin:/usr/bin:/usr/lib/jvm/default/bin:/usr/bin/site_perl:/usr/bin/vendor_perl:/usr/bin/core_perl
LD_LIBRARY_PATH=/usr/src/android-studio/bin:
SHELL=/bin/bash
DISPLAY=:0.0

Signal Handlers:
SIGSEGV: [libjvm.so+0x9ebc60], sa_mask[0]=11111111011111111101111111111110, sa_flags=SA_RESTART|SA_SIGINFO
SIGBUS: [libjvm.so+0x9ebc60], sa_mask[0]=11111111011111111101111111111110, sa_flags=SA_RESTART|SA_SIGINFO
SIGFPE: [libjvm.so+0x84cf60], sa_mask[0]=11111111011111111101111111111110, sa_flags=SA_RESTART|SA_SIGINFO
SIGPIPE: [libjvm.so+0x84cf60], sa_mask[0]=11111111011111111101111111111110, sa_flags=SA_RESTART|SA_SIGINFO
SIGXFSZ: [libjvm.so+0x84cf60], sa_mask[0]=11111111011111111101111111111110, sa_flags=SA_RESTART|SA_SIGINFO
SIGILL: [libjvm.so+0x84cf60], sa_mask[0]=11111111011111111101111111111110, sa_flags=SA_RESTART|SA_SIGINFO
SIGUSR1: SIG_DFL, sa_mask[0]=00000000000000000000000000000000, sa_flags=none
SIGUSR2: [libjvm.so+0x84ce30], sa_mask[0]=00100000000000000000000000000000, sa_flags=SA_RESTART|SA_SIGINFO
SIGHUP: [libjvm.so+0x84d020], sa_mask[0]=11111111011111111101111111111110, sa_flags=SA_RESTART|SA_SIGINFO
SIGINT: [libjvm.so+0x84d020], sa_mask[0]=11111111011111111101111111111110, sa_flags=SA_RESTART|SA_SIGINFO
SIGTERM: [libjvm.so+0x84d020], sa_mask[0]=11111111011111111101111111111110, sa_flags=SA_RESTART|SA_SIGINFO
SIGQUIT: [libjvm.so+0x84d020], sa_mask[0]=11111111011111111101111111111110, sa_flags=SA_RESTART|SA_SIGINFO


---------------  S Y S T E M  ---------------

OS:DISTRIB_ID=ManjaroLinux
DISTRIB_RELEASE=17.1.1
DISTRIB_CODENAME=Hakoila
DISTRIB_DESCRIPTION="Manjaro Linux"

uname:Linux 4.14.11-3-MANJARO #1 SMP PREEMPT Thu Jan 4 13:28:20 UTC 2018 x86_64
libc:glibc 2.26 NPTL 2.26 
rlimit: STACK 8192k, CORE infinity, NPROC 15423, NOFILE 4096, AS infinity
load average:32,28 12,51 5,33

/proc/meminfo:
MemTotal:        3961692 kB
MemFree:          137520 kB
MemAvailable:      69968 kB
Buffers:            3060 kB
Cached:           394572 kB
SwapCached:            0 kB
Active:          3250280 kB
Inactive:         377064 kB
Active(anon):    3231656 kB
Inactive(anon):   320936 kB
Active(file):      18624 kB
Inactive(file):    56128 kB
Unevictable:          64 kB
Mlocked:              64 kB
SwapTotal:             0 kB
SwapFree:              0 kB
Dirty:                16 kB
Writeback:            28 kB
AnonPages:       3229936 kB
Mapped:           216820 kB
Shmem:            322724 kB
Slab:              65356 kB
SReclaimable:      35224 kB
SUnreclaim:        30132 kB
KernelStack:        9216 kB
PageTables:        34984 kB
NFS_Unstable:          0 kB
Bounce:                0 kB
WritebackTmp:          0 kB
CommitLimit:     1980844 kB
Committed_AS:    6615124 kB
VmallocTotal:   34359738367 kB
VmallocUsed:           0 kB
VmallocChunk:          0 kB
HardwareCorrupted:     0 kB
AnonHugePages:    632832 kB
ShmemHugePages:        0 kB
ShmemPmdMapped:        0 kB
HugePages_Total:       0
HugePages_Free:        0
HugePages_Rsvd:        0
HugePages_Surp:        0
Hugepagesize:       2048 kB
DirectMap4k:       96444 kB
DirectMap2M:     4016128 kB
DirectMap1G:     1048576 kB


CPU:total 4 (initial active 4) (2 cores per cpu, 2 threads per core) family 6 model 61 stepping 4, cmov, cx8, fxsr, mmx, sse, sse2, sse3, ssse3, sse4.1, sse4.2, popcnt, avx, avx2, aes, clmul, erms, 3dnowpref, lzcnt, ht, tsc, tscinvbit, bmi1, bmi2, adx

/proc/cpuinfo:
processor	: 0
vendor_id	: GenuineIntel
cpu family	: 6
model		: 61
model name	: Intel(R) Core(TM) i3-5005U CPU @ 2.00GHz
stepping	: 4
microcode	: 0x25
cpu MHz		: 1995.378
cache size	: 3072 KB
physical id	: 0
siblings	: 4
core id		: 0
cpu cores	: 2
apicid		: 0
initial apicid	: 0
fpu		: yes
fpu_exception	: yes
cpuid level	: 20
wp		: yes
flags		: fpu vme de pse tsc msr pae mce cx8 apic sep mtrr pge mca cmov pat pse36 clflush dts acpi mmx fxsr sse sse2 ss ht tm pbe syscall nx pdpe1gb rdtscp lm constant_tsc arch_perfmon pebs bts rep_good nopl xtopology nonstop_tsc cpuid aperfmperf pni pclmulqdq dtes64 monitor ds_cpl vmx est tm2 ssse3 sdbg fma cx16 xtpr pdcm pcid sse4_1 sse4_2 x2apic movbe popcnt tsc_deadline_timer aes xsave avx f16c rdrand lahf_lm abm 3dnowprefetch cpuid_fault epb invpcid_single pti intel_pt tpr_shadow vnmi flexpriority ept vpid fsgsbase tsc_adjust bmi1 avx2 smep bmi2 erms invpcid rdseed adx smap xsaveopt dtherm arat pln pts
bugs		: cpu_insecure
bogomips	: 3992.03
clflush size	: 64
cache_alignment	: 64
address sizes	: 39 bits physical, 48 bits virtual
power management:

processor	: 1
vendor_id	: GenuineIntel
cpu family	: 6
model		: 61
model name	: Intel(R) Core(TM) i3-5005U CPU @ 2.00GHz
stepping	: 4
microcode	: 0x25
cpu MHz		: 1995.378
cache size	: 3072 KB
physical id	: 0
siblings	: 4
core id		: 1
cpu cores	: 2
apicid		: 2
initial apicid	: 2
fpu		: yes
fpu_exception	: yes
cpuid level	: 20
wp		: yes
flags		: fpu vme de pse tsc msr pae mce cx8 apic sep mtrr pge mca cmov pat pse36 clflush dts acpi mmx fxsr sse sse2 ss ht tm pbe syscall nx pdpe1gb rdtscp lm constant_tsc arch_perfmon pebs bts rep_good nopl xtopology nonstop_tsc cpuid aperfmperf pni pclmulqdq dtes64 monitor ds_cpl vmx est tm2 ssse3 sdbg fma cx16 xtpr pdcm pcid sse4_1 sse4_2 x2apic movbe popcnt tsc_deadline_timer aes xsave avx f16c rdrand lahf_lm abm 3dnowprefetch cpuid_fault epb invpcid_single pti intel_pt tpr_shadow vnmi flexpriority ept vpid fsgsbase tsc_adjust bmi1 avx2 smep bmi2 erms invpcid rdseed adx smap xsaveopt dtherm arat pln pts
bugs		: cpu_insecure
bogomips	: 3992.03
clflush size	: 64
cache_alignment	: 64
address sizes	: 39 bits physical, 48 bits virtual
power management:

processor	: 2
vendor_id	: GenuineIntel
cpu family	: 6
model		: 61
model name	: Intel(R) Core(TM) i3-5005U CPU @ 2.00GHz
stepping	: 4
microcode	: 0x25
cpu MHz		: 1995.378
cache size	: 3072 KB
physical id	: 0
siblings	: 4
core id		: 0
cpu cores	: 2
apicid		: 1
initial apicid	: 1
fpu		: yes
fpu_exception	: yes
cpuid level	: 20
wp		: yes
flags		: fpu vme de pse tsc msr pae mce cx8 apic sep mtrr pge mca cmov pat pse36 clflush dts acpi mmx fxsr sse sse2 ss ht tm pbe syscall nx pdpe1gb rdtscp lm constant_tsc arch_perfmon pebs bts rep_good nopl xtopology nonstop_tsc cpuid aperfmperf pni pclmulqdq dtes64 monitor ds_cpl vmx est tm2 ssse3 sdbg fma cx16 xtpr pdcm pcid sse4_1 sse4_2 x2apic movbe popcnt tsc_deadline_timer aes xsave avx f16c rdrand lahf_lm abm 3dnowprefetch cpuid_fault epb invpcid_single pti intel_pt tpr_shadow vnmi flexpriority ept vpid fsgsbase tsc_adjust bmi1 avx2 smep bmi2 erms invpcid rdseed adx smap xsaveopt dtherm arat pln pts
bugs		: cpu_insecure
bogomips	: 3992.03
clflush size	: 64
cache_alignment	: 64
address sizes	: 39 bits physical, 48 bits virtual
power management:

processor	: 3
vendor_id	: GenuineIntel
cpu family	: 6
model		: 61
model name	: Intel(R) Core(TM) i3-5005U CPU @ 2.00GHz
stepping	: 4
microcode	: 0x25
cpu MHz		: 1995.378
cache size	: 3072 KB
physical id	: 0
siblings	: 4
core id		: 1
cpu cores	: 2
apicid		: 3
initial apicid	: 3
fpu		: yes
fpu_exception	: yes
cpuid level	: 20
wp		: yes
flags		: fpu vme de pse tsc msr pae mce cx8 apic sep mtrr pge mca cmov pat pse36 clflush dts acpi mmx fxsr sse sse2 ss ht tm pbe syscall nx pdpe1gb rdtscp lm constant_tsc arch_perfmon pebs bts rep_good nopl xtopology nonstop_tsc cpuid aperfmperf pni pclmulqdq dtes64 monitor ds_cpl vmx est tm2 ssse3 sdbg fma cx16 xtpr pdcm pcid sse4_1 sse4_2 x2apic movbe popcnt tsc_deadline_timer aes xsave avx f16c rdrand lahf_lm abm 3dnowprefetch cpuid_fault epb invpcid_single pti intel_pt tpr_shadow vnmi flexpriority ept vpid fsgsbase tsc_adjust bmi1 avx2 smep bmi2 erms invpcid rdseed adx smap xsaveopt dtherm arat pln pts
bugs		: cpu_insecure
bogomips	: 3992.03
clflush size	: 64
cache_alignment	: 64
address sizes	: 39 bits physical, 48 bits virtual
power management:



Memory: 4k page, physical 3961692k(137520k free), swap 0k(0k free)

vm_info: OpenJDK 64-Bit Server VM (25.152-b01) for linux-amd64 JRE (1.8.0_152-release-915-b01), built by "builder" with gcc 4.8.4

time: Tue Jan 16 19:02:59 2018
elapsed time: 78 seconds (0d 0h 1m 18s)

